<?xml version="1.0" encoding="UTF-8"?>
<testsuite xmlns:xsi="http://www.w3.org/2001/XMLSchema-instance" xsi:noNamespaceSchemaLocation="https://maven.apache.org/surefire/maven-surefire-plugin/xsd/surefire-test-report.xsd" version="3.0.2" name="com.roque.teste.act.api_busca_cep.ApiBuscaCepApplicationTests" time="6.243" tests="1" errors="0" skipped="0" failures="0">
  <properties>
[...]
</properties>
  <testcase name="contextLoads" classname="com.roque.teste.act.api_busca_cep.ApiBuscaCepApplicationTests" time="0.61">
    <system-out><![CDATA[19:43:08.275 [main] INFO org.springframework.test.context.support.AnnotationConfigContextLoaderUtils -- Could not detect default configuration classes for test class [com.roque.teste.act.api_busca_cep.ApiBuscaCepApplicationTests]: ApiBuscaCepApplicationTests does not declare any static, non-private, non-final, nested classes annotated with @Configuration.
19:43:08.418 [main] INFO org.springframework.boot.test.context.SpringBootTestContextBootstrapper -- Found @SpringBootConfiguration com.roque.teste.act.api_busca_cep.ApiBuscaCepApplication for test class com.roque.teste.act.api_busca_cep.ApiBuscaCepApplicationTests

  .   ____          _            __ _ _
 /\\ / ___'_ __ _ _(_)_ __  __ _ \ \ \ \
( ( )\___ | '_ | '_| | '_ \/ _` | \ \ \ \
 \\/  ___)| |_)| | | | | || (_| |  ) ) ) )
  '  |____| .__|_| |_|_| |_\__, | / / / /
 =========|_|==============|___/=/_/_/_/

 :: Spring Boot ::                (v3.4.1)

2025-01-09T19:43:08.903-03:00  INFO 34644 --- [api-busca-cep] [           main] c.r.t.a.a.ApiBuscaCepApplicationTests    : Starting ApiBuscaCepApplicationTests using Java 21.0.1 with PID 34644 (started by roque in C:\Users\roque\desenvolvimento\api-busca-cep)
2025-01-09T19:43:08.905-03:00  INFO 34644 --- [api-busca-cep] [           main] c.r.t.a.a.ApiBuscaCepApplicationTests    : No active profile set, falling back to 1 default profile: "default"
2025-01-09T19:43:09.735-03:00  INFO 34644 --- [api-busca-cep] [           main] .s.d.r.c.RepositoryConfigurationDelegate : Bootstrapping Spring Data JPA repositories in DEFAULT mode.
2025-01-09T19:43:09.816-03:00  INFO 34644 --- [api-busca-cep] [           main] .s.d.r.c.RepositoryConfigurationDelegate : Finished Spring Data repository scanning in 65 ms. Found 1 JPA repository interface.
2025-01-09T19:43:10.506-03:00  INFO 34644 --- [api-busca-cep] [           main] o.hibernate.jpa.internal.util.LogHelper  : HHH000204: Processing PersistenceUnitInfo [name: default]
2025-01-09T19:43:10.591-03:00  INFO 34644 --- [api-busca-cep] [           main] org.hibernate.Version                    : HHH000412: Hibernate ORM core version 6.6.4.Final
2025-01-09T19:43:10.643-03:00  INFO 34644 --- [api-busca-cep] [           main] o.h.c.internal.RegionFactoryInitiator    : HHH000026: Second-level cache disabled
2025-01-09T19:43:11.095-03:00  INFO 34644 --- [api-busca-cep] [           main] o.s.o.j.p.SpringPersistenceUnitInfo      : No LoadTimeWeaver setup: ignoring JPA class transformer
2025-01-09T19:43:11.145-03:00  INFO 34644 --- [api-busca-cep] [           main] com.zaxxer.hikari.HikariDataSource       : HikariPool-1 - Starting...
2025-01-09T19:43:11.391-03:00  INFO 34644 --- [api-busca-cep] [           main] com.zaxxer.hikari.pool.HikariPool        : HikariPool-1 - Added connection conn0: url=jdbc:h2:mem:testdb user=SA
2025-01-09T19:43:11.397-03:00  INFO 34644 --- [api-busca-cep] [           main] com.zaxxer.hikari.HikariDataSource       : HikariPool-1 - Start completed.
2025-01-09T19:43:11.442-03:00  WARN 34644 --- [api-busca-cep] [           main] org.hibernate.orm.deprecation            : HHH90000025: H2Dialect does not need to be specified explicitly using 'hibernate.dialect' (remove the property setting and it will be selected by default)
2025-01-09T19:43:11.475-03:00  INFO 34644 --- [api-busca-cep] [           main] org.hibernate.orm.connections.pooling    : HHH10001005: Database info:
	Database JDBC URL [Connecting through datasource 'HikariDataSource (HikariPool-1)']
	Database driver: undefined/unknown
	Database version: 2.3.232
	Autocommit mode: undefined/unknown
	Isolation level: undefined/unknown
	Minimum pool size: undefined/unknown
	Maximum pool size: undefined/unknown
2025-01-09T19:43:12.302-03:00  INFO 34644 --- [api-busca-cep] [           main] o.h.e.t.j.p.i.JtaPlatformInitiator       : HHH000489: No JTA platform available (set 'hibernate.transaction.jta.platform' to enable JTA platform integration)
Hibernate: 
    create table log_entity (
        id bigint generated by default as identity,
        bairro varchar(255),
        cep varchar(255),
        localidade varchar(255),
        logradouro varchar(255),
        timestamp timestamp(6),
        uf varchar(255),
        primary key (id)
    )
2025-01-09T19:43:12.358-03:00  INFO 34644 --- [api-busca-cep] [           main] j.LocalContainerEntityManagerFactoryBean : Initialized JPA EntityManagerFactory for persistence unit 'default'
2025-01-09T19:43:13.136-03:00  WARN 34644 --- [api-busca-cep] [           main] JpaBaseConfiguration$JpaWebConfiguration : spring.jpa.open-in-view is enabled by default. Therefore, database queries may be performed during view rendering. Explicitly configure spring.jpa.open-in-view to disable this warning
2025-01-09T19:43:13.207-03:00  INFO 34644 --- [api-busca-cep] [           main] o.s.v.b.OptionalValidatorFactoryBean     : Failed to set up a Bean Validation provider: jakarta.validation.NoProviderFoundException: Unable to create a Configuration, because no Jakarta Bean Validation provider could be found. Add a provider like Hibernate Validator (RI) to your classpath.
2025-01-09T19:43:13.551-03:00  INFO 34644 --- [api-busca-cep] [           main] o.s.b.a.h2.H2ConsoleAutoConfiguration    : H2 console available at '/h2-console'. Database available at 'jdbc:h2:mem:testdb'
2025-01-09T19:43:13.683-03:00  INFO 34644 --- [api-busca-cep] [           main] c.r.t.a.a.ApiBuscaCepApplicationTests    : Started ApiBuscaCepApplicationTests in 5.094 seconds (process running for 6.229)
]]></system-out>
    <system-err><![CDATA[Mockito is currently self-attaching to enable the inline-mock-maker. This will no longer work in future releases of the JDK. Please add Mockito as an agent to your build what is described in Mockito's documentation: https://javadoc.io/doc/org.mockito/mockito-core/latest/org/mockito/Mockito.html#0.3
WARNING: A Java agent has been loaded dynamically (C:\Users\roque\.m2\repository\net\bytebuddy\byte-buddy-agent\1.15.11\byte-buddy-agent-1.15.11.jar)
WARNING: If a serviceability tool is in use, please run with -XX:+EnableDynamicAgentLoading to hide this warning
WARNING: If a serviceability tool is not in use, please run with -Djdk.instrument.traceUsage for more information
WARNING: Dynamic loading of agents will be disallowed by default in a future release
]]></system-err>
  </testcase>
</testsuite>